#-----------------------------------------------------------
# Vivado v2019.1 (64-bit)
# SW Build 2552052 on Fri May 24 14:49:42 MDT 2019
# IP Build 2548770 on Fri May 24 18:01:18 MDT 2019
# Start of session at: Thu Nov 14 16:27:39 2024
# Process ID: 34704
# Current directory: C:/Users/DELL/Desktop/TKF_FIRMWARE/FIRMWARE source/TKF_add_sp3_11.14/tkf_test_1
# Command line: vivado.exe -gui_launcher_event rodinguilauncherevent17540 C:\Users\DELL\Desktop\TKF_FIRMWARE\FIRMWARE source\TKF_add_sp3_11.14\tkf_test_1\tkf_test_1.xpr
# Log file: C:/Users/DELL/Desktop/TKF_FIRMWARE/FIRMWARE source/TKF_add_sp3_11.14/tkf_test_1/vivado.log
# Journal file: C:/Users/DELL/Desktop/TKF_FIRMWARE/FIRMWARE source/TKF_add_sp3_11.14/tkf_test_1\vivado.jou
#-----------------------------------------------------------
start_gui
open_project {C:/Users/DELL/Desktop/TKF_FIRMWARE/FIRMWARE source/TKF_add_sp3_11.14/tkf_test_1/tkf_test_1.xpr}
INFO: [Project 1-313] Project file moved from 'C:/Users/DELL/Desktop/TKF_FIRMWARE/FIRMWARE source/TKF_new_9.30/tkf_test_1' since last save.
Scanning sources...
Finished scanning sources
INFO: [IP_Flow 19-234] Refreshing IP repositories
INFO: [IP_Flow 19-1704] No user IP repositories specified
INFO: [IP_Flow 19-2313] Loaded Vivado IP repository 'E:/vivado/Vivado/2019.1/data/ip'.
open_project: Time (s): cpu = 00:00:10 ; elapsed = 00:00:10 . Memory (MB): peak = 858.129 ; gain = 163.023
update_compile_order -fileset sources_1
update_compile_order -fileset sources_1
